Using Kaldi ASR (shuffled data)
===============================

Data Portion	ASR WER	HDC (1-best ASR)	SLU (1-best ASR)	HDC (n-best ASR)	SLU (n-best ASR)	HDC (transcription)	SLU (transcription)
0.05	25.37	82.47	79.23	82.47	78.04	100.00	89.59
0.1	23.31	83.89	82.16	83.91	81.24	100.00	91.68
0.2	20.58	85.59	84.69	85.62	83.44	100.00              93.55
0.25	19.87	85.81	85.14	85.85	84.20	100.00	93.82
0.3	19.58	85.92	85.09	85.92	84.66	100.00	94.15
0.5	17.49	87.53	86.12	87.59	85.86	100.00	95.48
0.7	15.76	88.64	87.14	88.64	87.28	100.00	96.32
1.0	14.58	89.50	88.35	89.50	87.94	100.00	96.61


Google ASR (no-shuffle)
=======================
Data Portion	ASR WER	HDC (1-best ASR)	SLU (1-best ASR)	HDC (n-best ASR)	SLU (n-best ASR)	HDC (transcription)	SLU (transcription)
0.05	44.26	51.47	67.35	50.44	-	100.00	-
0.1	44.26	51.47	69.38	50.44	-	100.00	91.31
0.2	44.26	51.47	72.24	50.44	-	100.00	93.52
0.25	44.26	51.47	72.98	50.44	-	100.00	94.44
0.3	44.26	51.47	73.33	50.44	-	100.00	94.44
0.4	44.26	51.47	74.31	50.44	-	100.00	94.95
0.5	44.26	51.47	74.60	50.44	-	100.00	95.73
0.6	44.26	51.47	75.61	50.44	-	100.00	95.99
0.7	44.26	51.47	75.69	50.44	-	100.00	96.55
0.8	44.26	51.47	75.90	50.44	-	100.00	-
0.9	44.26	51.47	76.40	50.44	-	100.00	-
1.0	44.26	51.47	76.26	50.44	-	100.00	97.06


Kaldi ASR (no-shuffle)
======================
Data Portion	ASR WER	HDC (1-best ASR)	SLU (1-best ASR)	HDC (n-best ASR)	SLU (n-best ASR)	HDC (transcription)	SLU (transcription)
0.05	33.79		68.72
0.1	32.44	77.50	71.99	77.43	65.28	100.00	81.50
0.2	30.92	78.15	73.97	78.19	68.71	100.00	82.70
0.25	30.19	77.79	75.00	77.76	70.76	100.00	85.85
0.3	29.54		76.59	
0.4	29.09		76.91
0.5	28.41	78.60	77.36	78.63	75.82	100.00	90.37
0.7	28.52		77.12
0.8	
1.0	25.59	80.73	79.14	80.73	78.63	100.00	94.14


Kaldi ASR (no-shuffle, clean commit)
====================================
Data Portion	ASR WER	HDC (1-best ASR)	SLU (1-best ASR)	HDC (n-best ASR)	SLU (n-best ASR)	HDC (transcription)	SLU (transcription)
0.1	33.01	76.89	71.78	77.02	-	100.00	-
0.2	31.68	76.68	73.21	76.68	-	100.00	-
0.25	30.61	77.15	74.55	77.15	-	100.00	-
0.3	29.77	77.77	76.23	77.83	-	100.00	-
0.4	29.17	78.02	76.71	78.13	-	100.00	-
0.5	28.94	78.28	76.66	78.19	-	100.00	-
0.7	28.86	78.57	76.98	78.57	-	100.00	-
1.0	25.86	80.36	78.61	80.36	-	100.00	-		
